<?xml version="1.0" encoding="UTF-8"?>
<!-- Generated by org.testng.reporters.JUnitXMLReporter -->
<testsuite hostname="ICPL11522" ignored="1" name="DemoTest" tests="1" failures="0" timestamp="03 Jul 2017 09:42:32 GMT" time="130.045" errors="0">
  <testcase name="verifyEntertainmnetTab" time="90.343" classname="com.toi.tests.TOITests"/>
  <testcase name="verifyTopNewStories" time="0.0" classname="com.toi.tests.TOITests">
    <ignored/>
  </testcase> <!-- verifyTopNewStories -->
</testsuite> <!-- DemoTest -->
